[2017-12-22 00:51:20.781] [INFO ] [connectionTestTopicConcurrentMessageListenerContainer-2-C-1] [org.springframework.kafka.listener.ConcurrentMessageListenerContainer : 242] - partitions revoked:[connection-test-2]
[2017-12-22 00:51:20.781] [INFO ] [connectionTestTopicConcurrentMessageListenerContainer-0-C-1] [org.springframework.kafka.listener.ConcurrentMessageListenerContainer : 242] - partitions revoked:[connection-test-0]
[2017-12-22 00:51:20.781] [INFO ] [connectionTestTopicConcurrentMessageListenerContainer-1-C-1] [org.springframework.kafka.listener.ConcurrentMessageListenerContainer : 242] - partitions revoked:[connection-test-1]
[2017-12-22 00:51:20.802] [INFO ] [connectionTestTopicConcurrentMessageListenerContainer-2-C-1] [org.springframework.kafka.listener.ConcurrentMessageListenerContainer : 247] - partitions assigned:[connection-test-2]
[2017-12-22 00:51:20.802] [INFO ] [connectionTestTopicConcurrentMessageListenerContainer-0-C-1] [org.springframework.kafka.listener.ConcurrentMessageListenerContainer : 247] - partitions assigned:[connection-test-0]
[2017-12-22 00:51:20.803] [INFO ] [connectionTestTopicConcurrentMessageListenerContainer-1-C-1] [org.springframework.kafka.listener.ConcurrentMessageListenerContainer : 247] - partitions assigned:[connection-test-1]
[2017-12-22 01:45:11.682] [INFO ] [connectionTestTopicConcurrentMessageListenerContainer-0-C-1] [org.springframework.kafka.listener.ConcurrentMessageListenerContainer : 242] - partitions revoked:[connection-test-0]
[2017-12-22 01:45:11.682] [INFO ] [connectionTestTopicConcurrentMessageListenerContainer-1-C-1] [org.springframework.kafka.listener.ConcurrentMessageListenerContainer : 242] - partitions revoked:[connection-test-1]
[2017-12-22 01:45:11.682] [INFO ] [connectionTestTopicConcurrentMessageListenerContainer-2-C-1] [org.springframework.kafka.listener.ConcurrentMessageListenerContainer : 242] - partitions revoked:[connection-test-2]
[2017-12-22 01:45:11.697] [INFO ] [connectionTestTopicConcurrentMessageListenerContainer-1-C-1] [org.springframework.kafka.listener.ConcurrentMessageListenerContainer : 247] - partitions assigned:[connection-test-1]
[2017-12-22 01:45:11.697] [INFO ] [connectionTestTopicConcurrentMessageListenerContainer-0-C-1] [org.springframework.kafka.listener.ConcurrentMessageListenerContainer : 247] - partitions assigned:[connection-test-0]
[2017-12-22 01:45:11.697] [INFO ] [connectionTestTopicConcurrentMessageListenerContainer-2-C-1] [org.springframework.kafka.listener.ConcurrentMessageListenerContainer : 247] - partitions assigned:[connection-test-2]
[2017-12-22 03:15:13.745] [INFO ] [connectionTestTopicConcurrentMessageListenerContainer-2-C-1] [org.springframework.kafka.listener.ConcurrentMessageListenerContainer : 242] - partitions revoked:[connection-test-2]
[2017-12-22 03:15:13.745] [INFO ] [connectionTestTopicConcurrentMessageListenerContainer-1-C-1] [org.springframework.kafka.listener.ConcurrentMessageListenerContainer : 242] - partitions revoked:[connection-test-1]
[2017-12-22 03:15:13.745] [INFO ] [connectionTestTopicConcurrentMessageListenerContainer-0-C-1] [org.springframework.kafka.listener.ConcurrentMessageListenerContainer : 242] - partitions revoked:[connection-test-0]
[2017-12-22 03:15:13.762] [INFO ] [connectionTestTopicConcurrentMessageListenerContainer-0-C-1] [org.springframework.kafka.listener.ConcurrentMessageListenerContainer : 247] - partitions assigned:[connection-test-0]
[2017-12-22 03:15:13.763] [INFO ] [connectionTestTopicConcurrentMessageListenerContainer-2-C-1] [org.springframework.kafka.listener.ConcurrentMessageListenerContainer : 247] - partitions assigned:[connection-test-2]
[2017-12-22 03:15:13.763] [INFO ] [connectionTestTopicConcurrentMessageListenerContainer-1-C-1] [org.springframework.kafka.listener.ConcurrentMessageListenerContainer : 247] - partitions assigned:[connection-test-1]
[2017-12-22 05:03:12.751] [INFO ] [connectionTestTopicConcurrentMessageListenerContainer-2-C-1] [org.springframework.kafka.listener.ConcurrentMessageListenerContainer : 242] - partitions revoked:[connection-test-2]
[2017-12-22 05:03:12.751] [INFO ] [connectionTestTopicConcurrentMessageListenerContainer-1-C-1] [org.springframework.kafka.listener.ConcurrentMessageListenerContainer : 242] - partitions revoked:[connection-test-1]
[2017-12-22 05:03:12.751] [INFO ] [connectionTestTopicConcurrentMessageListenerContainer-0-C-1] [org.springframework.kafka.listener.ConcurrentMessageListenerContainer : 242] - partitions revoked:[connection-test-0]
[2017-12-22 05:03:12.771] [INFO ] [connectionTestTopicConcurrentMessageListenerContainer-0-C-1] [org.springframework.kafka.listener.ConcurrentMessageListenerContainer : 247] - partitions assigned:[connection-test-0]
[2017-12-22 05:03:12.772] [INFO ] [connectionTestTopicConcurrentMessageListenerContainer-1-C-1] [org.springframework.kafka.listener.ConcurrentMessageListenerContainer : 247] - partitions assigned:[connection-test-1]
[2017-12-22 05:03:12.772] [INFO ] [connectionTestTopicConcurrentMessageListenerContainer-2-C-1] [org.springframework.kafka.listener.ConcurrentMessageListenerContainer : 247] - partitions assigned:[connection-test-2]
[2017-12-22 06:51:15.770] [INFO ] [connectionTestTopicConcurrentMessageListenerContainer-1-C-1] [org.springframework.kafka.listener.ConcurrentMessageListenerContainer : 242] - partitions revoked:[connection-test-1]
[2017-12-22 06:51:15.770] [INFO ] [connectionTestTopicConcurrentMessageListenerContainer-2-C-1] [org.springframework.kafka.listener.ConcurrentMessageListenerContainer : 242] - partitions revoked:[connection-test-2]
[2017-12-22 06:51:15.770] [INFO ] [connectionTestTopicConcurrentMessageListenerContainer-0-C-1] [org.springframework.kafka.listener.ConcurrentMessageListenerContainer : 242] - partitions revoked:[connection-test-0]
[2017-12-22 06:51:15.786] [INFO ] [connectionTestTopicConcurrentMessageListenerContainer-1-C-1] [org.springframework.kafka.listener.ConcurrentMessageListenerContainer : 247] - partitions assigned:[connection-test-1]
[2017-12-22 06:51:15.787] [INFO ] [connectionTestTopicConcurrentMessageListenerContainer-0-C-1] [org.springframework.kafka.listener.ConcurrentMessageListenerContainer : 247] - partitions assigned:[connection-test-0]
[2017-12-22 06:51:15.787] [INFO ] [connectionTestTopicConcurrentMessageListenerContainer-2-C-1] [org.springframework.kafka.listener.ConcurrentMessageListenerContainer : 247] - partitions assigned:[connection-test-2]
[2017-12-22 08:19:02.763] [INFO ] [connectionTestTopicConcurrentMessageListenerContainer-2-C-1] [org.springframework.kafka.listener.ConcurrentMessageListenerContainer : 242] - partitions revoked:[connection-test-2]
[2017-12-22 08:19:02.763] [INFO ] [connectionTestTopicConcurrentMessageListenerContainer-1-C-1] [org.springframework.kafka.listener.ConcurrentMessageListenerContainer : 242] - partitions revoked:[connection-test-1]
[2017-12-22 08:19:02.763] [INFO ] [connectionTestTopicConcurrentMessageListenerContainer-0-C-1] [org.springframework.kafka.listener.ConcurrentMessageListenerContainer : 242] - partitions revoked:[connection-test-0]
[2017-12-22 08:19:02.781] [INFO ] [connectionTestTopicConcurrentMessageListenerContainer-2-C-1] [org.springframework.kafka.listener.ConcurrentMessageListenerContainer : 247] - partitions assigned:[connection-test-2]
[2017-12-22 08:19:02.781] [INFO ] [connectionTestTopicConcurrentMessageListenerContainer-0-C-1] [org.springframework.kafka.listener.ConcurrentMessageListenerContainer : 247] - partitions assigned:[connection-test-0]
[2017-12-22 08:19:02.782] [INFO ] [connectionTestTopicConcurrentMessageListenerContainer-1-C-1] [org.springframework.kafka.listener.ConcurrentMessageListenerContainer : 247] - partitions assigned:[connection-test-1]
[2017-12-22 08:34:08.980] [INFO ] [connectionTestTopicConcurrentMessageListenerContainer-2-C-1] [org.springframework.kafka.listener.ConcurrentMessageListenerContainer : 242] - partitions revoked:[connection-test-2]
[2017-12-22 08:34:08.980] [INFO ] [connectionTestTopicConcurrentMessageListenerContainer-0-C-1] [org.springframework.kafka.listener.ConcurrentMessageListenerContainer : 242] - partitions revoked:[connection-test-0]
[2017-12-22 08:34:08.980] [INFO ] [connectionTestTopicConcurrentMessageListenerContainer-1-C-1] [org.springframework.kafka.listener.ConcurrentMessageListenerContainer : 242] - partitions revoked:[connection-test-1]
[2017-12-22 08:34:08.997] [INFO ] [connectionTestTopicConcurrentMessageListenerContainer-0-C-1] [org.springframework.kafka.listener.ConcurrentMessageListenerContainer : 247] - partitions assigned:[connection-test-0]
[2017-12-22 08:34:08.997] [INFO ] [connectionTestTopicConcurrentMessageListenerContainer-2-C-1] [org.springframework.kafka.listener.ConcurrentMessageListenerContainer : 247] - partitions assigned:[connection-test-2]
[2017-12-22 08:34:08.997] [INFO ] [connectionTestTopicConcurrentMessageListenerContainer-1-C-1] [org.springframework.kafka.listener.ConcurrentMessageListenerContainer : 247] - partitions assigned:[connection-test-1]
[2017-12-22 09:29:27.618] [INFO ] [connectionTestTopicConcurrentMessageListenerContainer-1-C-1] [org.springframework.kafka.listener.ConcurrentMessageListenerContainer : 242] - partitions revoked:[connection-test-1]
[2017-12-22 09:29:27.618] [INFO ] [connectionTestTopicConcurrentMessageListenerContainer-0-C-1] [org.springframework.kafka.listener.ConcurrentMessageListenerContainer : 242] - partitions revoked:[connection-test-0]
[2017-12-22 09:29:27.618] [INFO ] [connectionTestTopicConcurrentMessageListenerContainer-2-C-1] [org.springframework.kafka.listener.ConcurrentMessageListenerContainer : 242] - partitions revoked:[connection-test-2]
[2017-12-22 09:29:27.641] [INFO ] [connectionTestTopicConcurrentMessageListenerContainer-2-C-1] [org.springframework.kafka.listener.ConcurrentMessageListenerContainer : 247] - partitions assigned:[connection-test-2]
[2017-12-22 09:29:27.641] [INFO ] [connectionTestTopicConcurrentMessageListenerContainer-1-C-1] [org.springframework.kafka.listener.ConcurrentMessageListenerContainer : 247] - partitions assigned:[connection-test-1]
[2017-12-22 09:29:27.641] [INFO ] [connectionTestTopicConcurrentMessageListenerContainer-0-C-1] [org.springframework.kafka.listener.ConcurrentMessageListenerContainer : 247] - partitions assigned:[connection-test-0]
[2017-12-22 09:47:27.613] [INFO ] [connectionTestTopicConcurrentMessageListenerContainer-0-C-1] [org.springframework.kafka.listener.ConcurrentMessageListenerContainer : 242] - partitions revoked:[connection-test-0]
[2017-12-22 09:47:27.625] [INFO ] [connectionTestTopicConcurrentMessageListenerContainer-0-C-1] [org.springframework.kafka.listener.ConcurrentMessageListenerContainer : 247] - partitions assigned:[connection-test-0, connection-test-2, connection-test-1]
[2017-12-22 09:47:40.645] [INFO ] [connectionTestTopicConcurrentMessageListenerContainer-2-C-1] [org.springframework.kafka.listener.ConcurrentMessageListenerContainer : 242] - partitions revoked:[connection-test-2]
[2017-12-22 09:47:42.649] [INFO ] [connectionTestTopicConcurrentMessageListenerContainer-1-C-1] [org.springframework.kafka.listener.ConcurrentMessageListenerContainer : 242] - partitions revoked:[connection-test-1]
[2017-12-22 09:47:45.743] [INFO ] [connectionTestTopicConcurrentMessageListenerContainer-2-C-1] [org.springframework.kafka.listener.ConcurrentMessageListenerContainer : 247] - partitions assigned:[connection-test-2]
[2017-12-22 09:47:45.743] [INFO ] [connectionTestTopicConcurrentMessageListenerContainer-1-C-1] [org.springframework.kafka.listener.ConcurrentMessageListenerContainer : 247] - partitions assigned:[connection-test-0, connection-test-1]
[2017-12-22 09:48:07.732] [INFO ] [connectionTestTopicConcurrentMessageListenerContainer-0-C-1] [org.springframework.kafka.listener.ConcurrentMessageListenerContainer : 242] - partitions revoked:[connection-test-0, connection-test-2, connection-test-1]
[2017-12-22 09:48:09.806] [INFO ] [connectionTestTopicConcurrentMessageListenerContainer-1-C-1] [org.springframework.kafka.listener.ConcurrentMessageListenerContainer : 242] - partitions revoked:[connection-test-0, connection-test-1]
[2017-12-22 09:48:09.806] [INFO ] [connectionTestTopicConcurrentMessageListenerContainer-2-C-1] [org.springframework.kafka.listener.ConcurrentMessageListenerContainer : 242] - partitions revoked:[connection-test-2]
[2017-12-22 09:48:09.817] [INFO ] [connectionTestTopicConcurrentMessageListenerContainer-2-C-1] [org.springframework.kafka.listener.ConcurrentMessageListenerContainer : 247] - partitions assigned:[connection-test-2]
[2017-12-22 09:48:09.818] [INFO ] [connectionTestTopicConcurrentMessageListenerContainer-1-C-1] [org.springframework.kafka.listener.ConcurrentMessageListenerContainer : 247] - partitions assigned:[connection-test-1]
[2017-12-22 09:48:09.818] [INFO ] [connectionTestTopicConcurrentMessageListenerContainer-0-C-1] [org.springframework.kafka.listener.ConcurrentMessageListenerContainer : 247] - partitions assigned:[connection-test-0]
[2017-12-22 10:03:21.698] [INFO ] [connectionTestTopicConcurrentMessageListenerContainer-2-C-1] [org.springframework.kafka.listener.ConcurrentMessageListenerContainer : 242] - partitions revoked:[connection-test-2]
[2017-12-22 10:03:21.698] [INFO ] [connectionTestTopicConcurrentMessageListenerContainer-0-C-1] [org.springframework.kafka.listener.ConcurrentMessageListenerContainer : 242] - partitions revoked:[connection-test-0]
[2017-12-22 10:03:21.698] [INFO ] [connectionTestTopicConcurrentMessageListenerContainer-1-C-1] [org.springframework.kafka.listener.ConcurrentMessageListenerContainer : 242] - partitions revoked:[connection-test-1]
[2017-12-22 10:03:21.715] [INFO ] [connectionTestTopicConcurrentMessageListenerContainer-0-C-1] [org.springframework.kafka.listener.ConcurrentMessageListenerContainer : 247] - partitions assigned:[connection-test-0]
[2017-12-22 10:03:21.715] [INFO ] [connectionTestTopicConcurrentMessageListenerContainer-2-C-1] [org.springframework.kafka.listener.ConcurrentMessageListenerContainer : 247] - partitions assigned:[connection-test-2]
[2017-12-22 10:03:21.716] [INFO ] [connectionTestTopicConcurrentMessageListenerContainer-1-C-1] [org.springframework.kafka.listener.ConcurrentMessageListenerContainer : 247] - partitions assigned:[connection-test-1]
[2017-12-22 11:06:43.740] [INFO ] [connectionTestTopicConcurrentMessageListenerContainer-1-C-1] [org.springframework.kafka.listener.ConcurrentMessageListenerContainer : 242] - partitions revoked:[connection-test-1]
[2017-12-22 11:06:43.740] [INFO ] [connectionTestTopicConcurrentMessageListenerContainer-2-C-1] [org.springframework.kafka.listener.ConcurrentMessageListenerContainer : 242] - partitions revoked:[connection-test-2]
[2017-12-22 11:06:43.740] [INFO ] [connectionTestTopicConcurrentMessageListenerContainer-0-C-1] [org.springframework.kafka.listener.ConcurrentMessageListenerContainer : 242] - partitions revoked:[connection-test-0]
[2017-12-22 11:06:43.757] [INFO ] [connectionTestTopicConcurrentMessageListenerContainer-1-C-1] [org.springframework.kafka.listener.ConcurrentMessageListenerContainer : 247] - partitions assigned:[connection-test-1]
[2017-12-22 11:06:43.757] [INFO ] [connectionTestTopicConcurrentMessageListenerContainer-0-C-1] [org.springframework.kafka.listener.ConcurrentMessageListenerContainer : 247] - partitions assigned:[connection-test-0]
[2017-12-22 11:06:43.758] [INFO ] [connectionTestTopicConcurrentMessageListenerContainer-2-C-1] [org.springframework.kafka.listener.ConcurrentMessageListenerContainer : 247] - partitions assigned:[connection-test-2]
[2017-12-22 12:52:01.517] [INFO ] [connectionTestTopicConcurrentMessageListenerContainer-2-C-1] [org.springframework.kafka.listener.ConcurrentMessageListenerContainer : 242] - partitions revoked:[connection-test-2]
[2017-12-22 12:52:01.517] [INFO ] [connectionTestTopicConcurrentMessageListenerContainer-1-C-1] [org.springframework.kafka.listener.ConcurrentMessageListenerContainer : 242] - partitions revoked:[connection-test-1]
[2017-12-22 12:52:01.517] [INFO ] [connectionTestTopicConcurrentMessageListenerContainer-0-C-1] [org.springframework.kafka.listener.ConcurrentMessageListenerContainer : 242] - partitions revoked:[connection-test-0]
[2017-12-22 12:52:01.537] [INFO ] [connectionTestTopicConcurrentMessageListenerContainer-0-C-1] [org.springframework.kafka.listener.ConcurrentMessageListenerContainer : 247] - partitions assigned:[connection-test-0]
[2017-12-22 12:52:01.537] [INFO ] [connectionTestTopicConcurrentMessageListenerContainer-2-C-1] [org.springframework.kafka.listener.ConcurrentMessageListenerContainer : 247] - partitions assigned:[connection-test-2]
[2017-12-22 12:52:01.537] [INFO ] [connectionTestTopicConcurrentMessageListenerContainer-1-C-1] [org.springframework.kafka.listener.ConcurrentMessageListenerContainer : 247] - partitions assigned:[connection-test-1]
[2017-12-22 13:17:14.409] [INFO ] [connectionTestTopicConcurrentMessageListenerContainer-1-C-1] [org.springframework.kafka.listener.ConcurrentMessageListenerContainer : 242] - partitions revoked:[connection-test-1]
[2017-12-22 13:17:14.409] [INFO ] [connectionTestTopicConcurrentMessageListenerContainer-2-C-1] [org.springframework.kafka.listener.ConcurrentMessageListenerContainer : 242] - partitions revoked:[connection-test-2]
[2017-12-22 13:17:14.409] [INFO ] [connectionTestTopicConcurrentMessageListenerContainer-0-C-1] [org.springframework.kafka.listener.ConcurrentMessageListenerContainer : 242] - partitions revoked:[connection-test-0]
[2017-12-22 13:17:14.423] [INFO ] [connectionTestTopicConcurrentMessageListenerContainer-0-C-1] [org.springframework.kafka.listener.ConcurrentMessageListenerContainer : 247] - partitions assigned:[connection-test-0]
[2017-12-22 13:17:14.423] [INFO ] [connectionTestTopicConcurrentMessageListenerContainer-2-C-1] [org.springframework.kafka.listener.ConcurrentMessageListenerContainer : 247] - partitions assigned:[connection-test-2]
[2017-12-22 13:17:14.424] [INFO ] [connectionTestTopicConcurrentMessageListenerContainer-1-C-1] [org.springframework.kafka.listener.ConcurrentMessageListenerContainer : 247] - partitions assigned:[connection-test-1]
[2017-12-22 13:31:33.563] [INFO ] [connectionTestTopicConcurrentMessageListenerContainer-1-C-1] [org.springframework.kafka.listener.ConcurrentMessageListenerContainer : 242] - partitions revoked:[connection-test-1]
[2017-12-22 13:31:33.563] [INFO ] [connectionTestTopicConcurrentMessageListenerContainer-0-C-1] [org.springframework.kafka.listener.ConcurrentMessageListenerContainer : 242] - partitions revoked:[connection-test-0]
[2017-12-22 13:31:33.563] [INFO ] [connectionTestTopicConcurrentMessageListenerContainer-2-C-1] [org.springframework.kafka.listener.ConcurrentMessageListenerContainer : 242] - partitions revoked:[connection-test-2]
[2017-12-22 13:31:33.581] [INFO ] [connectionTestTopicConcurrentMessageListenerContainer-2-C-1] [org.springframework.kafka.listener.ConcurrentMessageListenerContainer : 247] - partitions assigned:[connection-test-2]
[2017-12-22 13:31:33.581] [INFO ] [connectionTestTopicConcurrentMessageListenerContainer-0-C-1] [org.springframework.kafka.listener.ConcurrentMessageListenerContainer : 247] - partitions assigned:[connection-test-0]
[2017-12-22 13:31:33.581] [INFO ] [connectionTestTopicConcurrentMessageListenerContainer-1-C-1] [org.springframework.kafka.listener.ConcurrentMessageListenerContainer : 247] - partitions assigned:[connection-test-1]
[2017-12-22 13:35:40.938] [INFO ] [connectionTestTopicConcurrentMessageListenerContainer-1-C-1] [org.springframework.kafka.listener.ConcurrentMessageListenerContainer : 242] - partitions revoked:[connection-test-1]
[2017-12-22 13:35:40.938] [INFO ] [connectionTestTopicConcurrentMessageListenerContainer-2-C-1] [org.springframework.kafka.listener.ConcurrentMessageListenerContainer : 242] - partitions revoked:[connection-test-2]
[2017-12-22 13:35:40.955] [INFO ] [connectionTestTopicConcurrentMessageListenerContainer-2-C-1] [org.springframework.kafka.listener.ConcurrentMessageListenerContainer : 247] - partitions assigned:[connection-test-2]
[2017-12-22 13:35:40.955] [INFO ] [connectionTestTopicConcurrentMessageListenerContainer-1-C-1] [org.springframework.kafka.listener.ConcurrentMessageListenerContainer : 247] - partitions assigned:[connection-test-0, connection-test-1]
[2017-12-22 13:35:56.984] [INFO ] [connectionTestTopicConcurrentMessageListenerContainer-0-C-1] [org.springframework.kafka.listener.ConcurrentMessageListenerContainer : 242] - partitions revoked:[connection-test-0]
[2017-12-22 13:36:00.009] [INFO ] [connectionTestTopicConcurrentMessageListenerContainer-1-C-1] [org.springframework.kafka.listener.ConcurrentMessageListenerContainer : 242] - partitions revoked:[connection-test-0, connection-test-1]
[2017-12-22 13:36:00.011] [INFO ] [connectionTestTopicConcurrentMessageListenerContainer-2-C-1] [org.springframework.kafka.listener.ConcurrentMessageListenerContainer : 242] - partitions revoked:[connection-test-2]
[2017-12-22 13:36:00.020] [INFO ] [connectionTestTopicConcurrentMessageListenerContainer-2-C-1] [org.springframework.kafka.listener.ConcurrentMessageListenerContainer : 247] - partitions assigned:[connection-test-2]
[2017-12-22 13:36:00.021] [INFO ] [connectionTestTopicConcurrentMessageListenerContainer-0-C-1] [org.springframework.kafka.listener.ConcurrentMessageListenerContainer : 247] - partitions assigned:[connection-test-0]
[2017-12-22 13:36:00.022] [INFO ] [connectionTestTopicConcurrentMessageListenerContainer-1-C-1] [org.springframework.kafka.listener.ConcurrentMessageListenerContainer : 247] - partitions assigned:[connection-test-1]
[2017-12-22 14:56:27.497] [INFO ] [connectionTestTopicConcurrentMessageListenerContainer-1-C-1] [org.springframework.kafka.listener.ConcurrentMessageListenerContainer : 242] - partitions revoked:[connection-test-1]
[2017-12-22 14:56:27.497] [INFO ] [connectionTestTopicConcurrentMessageListenerContainer-0-C-1] [org.springframework.kafka.listener.ConcurrentMessageListenerContainer : 242] - partitions revoked:[connection-test-0]
[2017-12-22 14:56:27.497] [INFO ] [connectionTestTopicConcurrentMessageListenerContainer-2-C-1] [org.springframework.kafka.listener.ConcurrentMessageListenerContainer : 242] - partitions revoked:[connection-test-2]
[2017-12-22 14:56:27.542] [INFO ] [connectionTestTopicConcurrentMessageListenerContainer-1-C-1] [org.springframework.kafka.listener.ConcurrentMessageListenerContainer : 247] - partitions assigned:[connection-test-1]
[2017-12-22 14:56:27.542] [INFO ] [connectionTestTopicConcurrentMessageListenerContainer-2-C-1] [org.springframework.kafka.listener.ConcurrentMessageListenerContainer : 247] - partitions assigned:[connection-test-2]
[2017-12-22 14:56:27.543] [INFO ] [connectionTestTopicConcurrentMessageListenerContainer-0-C-1] [org.springframework.kafka.listener.ConcurrentMessageListenerContainer : 247] - partitions assigned:[connection-test-0]
